<?xml version="1.0" encoding="UTF-8"?>
<testsuite xmlns:xsi="http://www.w3.org/2001/XMLSchema-instance" xsi:noNamespaceSchemaLocation="https://maven.apache.org/surefire/maven-failsafe-plugin/xsd/failsafe-test-report-3.0.xsd" version="3.0" name="SmokeTestRun" time="35.628" tests="3" errors="1" skipped="0" failures="0">
  <properties>
    <property name="sun.desktop" value="windows"/>
    <property name="awt.toolkit" value="sun.awt.windows.WToolkit"/>
    <property name="file.encoding.pkg" value="sun.io"/>
    <property name="java.specification.version" value="1.8"/>
    <property name="sun.cpu.isalist" value="amd64"/>
    <property name="sun.jnu.encoding" value="Cp1251"/>
    <property name="java.class.path" value="D:\autest\pageobject\target\test-classes;D:\autest\pageobject\target\hysitetests-1.0-SNAPSHOT.jar;C:\Users\aruti\.m2\repository\net\serenity-bdd\serenity-core\2.0.70\serenity-core-2.0.70.jar;C:\Users\aruti\.m2\repository\net\bytebuddy\byte-buddy\1.9.12\byte-buddy-1.9.12.jar;C:\Users\aruti\.m2\repository\net\bytebuddy\byte-buddy-agent\1.9.12\byte-buddy-agent-1.9.12.jar;C:\Users\aruti\.m2\repository\com\google\guava\guava\25.0-jre\guava-25.0-jre.jar;C:\Users\aruti\.m2\repository\com\google\code\findbugs\jsr305\1.3.9\jsr305-1.3.9.jar;C:\Users\aruti\.m2\repository\org\checkerframework\checker-compat-qual\2.0.0\checker-compat-qual-2.0.0.jar;C:\Users\aruti\.m2\repository\com\google\errorprone\error_prone_annotations\2.1.3\error_prone_annotations-2.1.3.jar;C:\Users\aruti\.m2\repository\com\google\j2objc\j2objc-annotations\1.1\j2objc-annotations-1.1.jar;C:\Users\aruti\.m2\repository\org\codehaus\mojo\animal-sniffer-annotations\1.14\animal-sniffer-annotations-1.14.jar;C:\Users\aruti\.m2\repository\com\google\inject\guice\4.2.2\guice-4.2.2.jar;C:\Users\aruti\.m2\repository\javax\inject\javax.inject\1\javax.inject-1.jar;C:\Users\aruti\.m2\repository\aopalliance\aopalliance\1.0\aopalliance-1.0.jar;C:\Users\aruti\.m2\repository\cglib\cglib\3.2.5\cglib-3.2.5.jar;C:\Users\aruti\.m2\repository\org\ow2\asm\asm\5.0.3\asm-5.0.3.jar;C:\Users\aruti\.m2\repository\commons-codec\commons-codec\1.10\commons-codec-1.10.jar;C:\Users\aruti\.m2\repository\org\objenesis\objenesis\2.6\objenesis-2.6.jar;C:\Users\aruti\.m2\repository\org\slf4j\slf4j-api\1.7.25\slf4j-api-1.7.25.jar;C:\Users\aruti\.m2\repository\xml-apis\xml-apis\1.4.01\xml-apis-1.4.01.jar;C:\Users\aruti\.m2\repository\io\cucumber\cucumber-core\2.4.0\cucumber-core-2.4.0.jar;C:\Users\aruti\.m2\repository\info\cukes\cucumber-html\0.2.6\cucumber-html-0.2.6.jar;C:\Users\aruti\.m2\repository\io\cucumber\cucumber-jvm-deps\1.0.6\cucumber-jvm-deps-1.0.6.jar;C:\Users\aruti\.m2\repository\io\cucumber\gherkin\5.0.0\gherkin-5.0.0.jar;C:\Users\aruti\.m2\repository\io\cucumber\tag-expressions\1.1.1\tag-expressions-1.1.1.jar;C:\Users\aruti\.m2\repository\commons-logging\commons-logging\1.2\commons-logging-1.2.jar;C:\Users\aruti\.m2\repository\junit\junit\4.12\junit-4.12.jar;C:\Users\aruti\.m2\repository\io\vavr\vavr\0.9.0\vavr-0.9.0.jar;C:\Users\aruti\.m2\repository\io\vavr\vavr-match\0.9.0\vavr-match-0.9.0.jar;C:\Users\aruti\.m2\repository\javax\xml\bind\jaxb-api\2.2.12\jaxb-api-2.2.12.jar;C:\Users\aruti\.m2\repository\com\sun\xml\bind\jaxb-core\2.3.0.1\jaxb-core-2.3.0.1.jar;C:\Users\aruti\.m2\repository\com\sun\xml\bind\jaxb-impl\2.3.0.1\jaxb-impl-2.3.0.1.jar;C:\Users\aruti\.m2\repository\javax\activation\activation\1.1.1\activation-1.1.1.jar;C:\Users\aruti\.m2\repository\org\mockito\mockito-core\2.25.0\mockito-core-2.25.0.jar;C:\Users\aruti\.m2\repository\net\serenity-bdd\serenity-report-resources\2.0.70\serenity-report-resources-2.0.70.jar;C:\Users\aruti\.m2\repository\net\serenity-bdd\serenity-model\2.0.70\serenity-model-2.0.70.jar;C:\Users\aruti\.m2\repository\commons-net\commons-net\3.6\commons-net-3.6.jar;C:\Users\aruti\.m2\repository\org\apache\commons\commons-text\1.6\commons-text-1.6.jar;C:\Users\aruti\.m2\repository\net\serenity-bdd\serenity-reports\2.0.70\serenity-reports-2.0.70.jar;C:\Users\aruti\.m2\repository\net\serenity-bdd\serenity-stats\2.0.70\serenity-stats-2.0.70.jar;C:\Users\aruti\.m2\repository\org\jetbrains\kotlin\kotlin-stdlib\1.3.31\kotlin-stdlib-1.3.31.jar;C:\Users\aruti\.m2\repository\org\jetbrains\kotlin\kotlin-stdlib-common\1.3.31\kotlin-stdlib-common-1.3.31.jar;C:\Users\aruti\.m2\repository\org\jetbrains\annotations\13.0\annotations-13.0.jar;C:\Users\aruti\.m2\repository\com\google\code\gson\gson\2.8.4\gson-2.8.4.jar;C:\Users\aruti\.m2\repository\commons-io\commons-io\2.6\commons-io-2.6.jar;C:\Users\aruti\.m2\repository\org\seleniumhq\selenium\selenium-server\3.141.59\selenium-server-3.141.59.jar;C:\Users\aruti\.m2\repository\org\seleniumhq\selenium\selenium-firefox-driver\3.141.59\selenium-firefox-driver-3.141.59.jar;C:\Users\aruti\.m2\repository\org\seleniumhq\selenium\selenium-ie-driver\3.141.59\selenium-ie-driver-3.141.59.jar;C:\Users\aruti\.m2\repository\com\beust\jcommander\1.72\jcommander-1.72.jar;C:\Users\aruti\.m2\repository\org\apache\commons\commons-exec\1.3\commons-exec-1.3.jar;C:\Users\aruti\.m2\repository\net\jcip\jcip-annotations\1.0\jcip-annotations-1.0.jar;C:\Users\aruti\.m2\repository\org\seleniumhq\selenium\jetty-repacked\9.4.12.v20180830\jetty-repacked-9.4.12.v20180830.jar;C:\Users\aruti\.m2\repository\com\squareup\okhttp3\okhttp\3.11.0\okhttp-3.11.0.jar;C:\Users\aruti\.m2\repository\com\squareup\okio\okio\1.14.0\okio-1.14.0.jar;C:\Users\aruti\.m2\repository\javax\servlet\javax.servlet-api\3.1.0\javax.servlet-api-3.1.0.jar;C:\Users\aruti\.m2\repository\org\yaml\snakeyaml\1.19\snakeyaml-1.19.jar;C:\Users\aruti\.m2\repository\org\seleniumhq\selenium\selenium-java\3.141.59\selenium-java-3.141.59.jar;C:\Users\aruti\.m2\repository\org\seleniumhq\selenium\selenium-api\3.141.59\selenium-api-3.141.59.jar;C:\Users\aruti\.m2\repository\org\seleniumhq\selenium\selenium-chrome-driver\3.141.59\selenium-chrome-driver-3.141.59.jar;C:\Users\aruti\.m2\repository\org\seleniumhq\selenium\selenium-edge-driver\3.141.59\selenium-edge-driver-3.141.59.jar;C:\Users\aruti\.m2\repository\org\seleniumhq\selenium\selenium-remote-driver\3.141.59\selenium-remote-driver-3.141.59.jar;C:\Users\aruti\.m2\repository\org\seleniumhq\selenium\selenium-safari-driver\3.141.59\selenium-safari-driver-3.141.59.jar;C:\Users\aruti\.m2\repository\org\seleniumhq\selenium\selenium-opera-driver\3.141.59\selenium-opera-driver-3.141.59.jar;C:\Users\aruti\.m2\repository\org\seleniumhq\selenium\selenium-support\3.141.59\selenium-support-3.141.59.jar;C:\Users\aruti\.m2\repository\com\paulhammant\ngwebdriver\1.1.4\ngwebdriver-1.1.4.jar;C:\Users\aruti\.m2\repository\com\codeborne\phantomjsdriver\1.4.4\phantomjsdriver-1.4.4.jar;C:\Users\aruti\.m2\repository\org\eclipse\jetty\jetty-util\9.4.8.v20171121\jetty-util-9.4.8.v20171121.jar;C:\Users\aruti\.m2\repository\org\eclipse\jetty\jetty-io\9.4.8.v20171121\jetty-io-9.4.8.v20171121.jar;C:\Users\aruti\.m2\repository\org\seleniumhq\selenium\htmlunit-driver\2.33.1\htmlunit-driver-2.33.1.jar;C:\Users\aruti\.m2\repository\io\appium\java-client\7.0.0\java-client-7.0.0.jar;C:\Users\aruti\.m2\repository\commons-validator\commons-validator\1.6\commons-validator-1.6.jar;C:\Users\aruti\.m2\repository\commons-beanutils\commons-beanutils\1.9.2\commons-beanutils-1.9.2.jar;C:\Users\aruti\.m2\repository\commons-digester\commons-digester\1.8.1\commons-digester-1.8.1.jar;C:\Users\aruti\.m2\repository\org\aspectj\aspectjweaver\1.9.1\aspectjweaver-1.9.1.jar;C:\Users\aruti\.m2\repository\org\springframework\spring-context-support\5.1.2.RELEASE\spring-context-support-5.1.2.RELEASE.jar;C:\Users\aruti\.m2\repository\org\springframework\spring-beans\5.1.2.RELEASE\spring-beans-5.1.2.RELEASE.jar;C:\Users\aruti\.m2\repository\org\springframework\spring-context\5.1.2.RELEASE\spring-context-5.1.2.RELEASE.jar;C:\Users\aruti\.m2\repository\org\springframework\spring-aop\5.1.2.RELEASE\spring-aop-5.1.2.RELEASE.jar;C:\Users\aruti\.m2\repository\org\springframework\spring-expression\5.1.2.RELEASE\spring-expression-5.1.2.RELEASE.jar;C:\Users\aruti\.m2\repository\org\springframework\spring-core\5.1.2.RELEASE\spring-core-5.1.2.RELEASE.jar;C:\Users\aruti\.m2\repository\org\springframework\spring-jcl\5.1.2.RELEASE\spring-jcl-5.1.2.RELEASE.jar;C:\Users\aruti\.m2\repository\org\glassfish\tyrus\tyrus-core\1.13.1\tyrus-core-1.13.1.jar;C:\Users\aruti\.m2\repository\org\glassfish\tyrus\tyrus-spi\1.13.1\tyrus-spi-1.13.1.jar;C:\Users\aruti\.m2\repository\javax\websocket\javax.websocket-api\1.1\javax.websocket-api-1.1.jar;C:\Users\aruti\.m2\repository\org\codehaus\groovy\groovy\2.5.5\groovy-2.5.5.jar;C:\Users\aruti\.m2\repository\net\sf\opencsv\opencsv\2.0\opencsv-2.0.jar;C:\Users\aruti\.m2\repository\commons-beanutils\commons-beanutils-core\1.8.3\commons-beanutils-core-1.8.3.jar;C:\Users\aruti\.m2\repository\joda-time\joda-time\2.7\joda-time-2.7.jar;C:\Users\aruti\.m2\repository\com\thoughtworks\xstream\xstream\1.4.9\xstream-1.4.9.jar;C:\Users\aruti\.m2\repository\xmlpull\xmlpull\1.1.3.1\xmlpull-1.1.3.1.jar;C:\Users\aruti\.m2\repository\xpp3\xpp3_min\1.1.4c\xpp3_min-1.1.4c.jar;C:\Users\aruti\.m2\repository\org\apache\commons\commons-lang3\3.8.1\commons-lang3-3.8.1.jar;C:\Users\aruti\.m2\repository\commons-collections\commons-collections\3.2.2\commons-collections-3.2.2.jar;C:\Users\aruti\.m2\repository\org\freemarker\freemarker\2.3.28\freemarker-2.3.28.jar;C:\Users\aruti\.m2\repository\net\sourceforge\jexcelapi\jxl\2.6.12\jxl-2.6.12.jar;C:\Users\aruti\.m2\repository\org\hamcrest\hamcrest-core\1.3\hamcrest-core-1.3.jar;C:\Users\aruti\.m2\repository\org\hamcrest\hamcrest-library\1.3\hamcrest-library-1.3.jar;C:\Users\aruti\.m2\repository\net\sourceforge\htmlunit\htmlunit\2.33\htmlunit-2.33.jar;C:\Users\aruti\.m2\repository\net\sourceforge\htmlunit\htmlunit-core-js\2.33\htmlunit-core-js-2.33.jar;C:\Users\aruti\.m2\repository\net\sourceforge\htmlunit\neko-htmlunit\2.33\neko-htmlunit-2.33.jar;C:\Users\aruti\.m2\repository\xerces\xercesImpl\2.12.0\xercesImpl-2.12.0.jar;C:\Users\aruti\.m2\repository\net\sourceforge\htmlunit\htmlunit-cssparser\1.2.0\htmlunit-cssparser-1.2.0.jar;C:\Users\aruti\.m2\repository\org\eclipse\jetty\websocket\websocket-client\9.4.12.v20180830\websocket-client-9.4.12.v20180830.jar;C:\Users\aruti\.m2\repository\org\eclipse\jetty\jetty-client\9.4.12.v20180830\jetty-client-9.4.12.v20180830.jar;C:\Users\aruti\.m2\repository\org\eclipse\jetty\jetty-http\9.4.12.v20180830\jetty-http-9.4.12.v20180830.jar;C:\Users\aruti\.m2\repository\org\eclipse\jetty\jetty-xml\9.4.12.v20180830\jetty-xml-9.4.12.v20180830.jar;C:\Users\aruti\.m2\repository\org\eclipse\jetty\websocket\websocket-common\9.4.12.v20180830\websocket-common-9.4.12.v20180830.jar;C:\Users\aruti\.m2\repository\org\eclipse\jetty\websocket\websocket-api\9.4.12.v20180830\websocket-api-9.4.12.v20180830.jar;C:\Users\aruti\.m2\repository\org\apache\httpcomponents\httpclient\4.5.5\httpclient-4.5.5.jar;C:\Users\aruti\.m2\repository\org\apache\httpcomponents\httpcore\4.4.9\httpcore-4.4.9.jar;C:\Users\aruti\.m2\repository\org\apache\httpcomponents\httpmime\4.5.5\httpmime-4.5.5.jar;C:\Users\aruti\.m2\repository\org\fluentlenium\fluentlenium-core\0.10.2\fluentlenium-core-0.10.2.jar;C:\Users\aruti\.m2\repository\com\jhlabs\filters\2.0.235\filters-2.0.235.jar;C:\Users\aruti\.m2\repository\org\asciidoctor\asciidoctorj\1.5.6\asciidoctorj-1.5.6.jar;C:\Users\aruti\.m2\repository\org\jruby\jruby-complete\1.7.26\jruby-complete-1.7.26.jar;C:\Users\aruti\.m2\repository\org\imgscalr\imgscalr-lib\4.2\imgscalr-lib-4.2.jar;C:\Users\aruti\.m2\repository\javax\el\javax.el-api\2.2.4\javax.el-api-2.2.4.jar;C:\Users\aruti\.m2\repository\org\glassfish\web\javax.el\2.2.4\javax.el-2.2.4.jar;C:\Users\aruti\.m2\repository\xalan\xalan\2.7.2\xalan-2.7.2.jar;C:\Users\aruti\.m2\repository\xalan\serializer\2.7.2\serializer-2.7.2.jar;C:\Users\aruti\.m2\repository\org\awaitility\awaitility\3.1.0\awaitility-3.1.0.jar;C:\Users\aruti\.m2\repository\com\typesafe\config\1.3.1\config-1.3.1.jar;C:\Users\aruti\.m2\repository\org\jsoup\jsoup\1.10.3\jsoup-1.10.3.jar;C:\Users\aruti\.m2\repository\com\google\jimfs\jimfs\1.1\jimfs-1.1.jar;C:\Users\aruti\.m2\repository\es\nitaur\markdown\txtmark\0.16\txtmark-0.16.jar;C:\Users\aruti\.m2\repository\com\vladsch\flexmark\flexmark-all\0.34.30\flexmark-all-0.34.30.jar;C:\Users\aruti\.m2\repository\com\vladsch\flexmark\flexmark\0.34.30\flexmark-0.34.30.jar;C:\Users\aruti\.m2\repository\com\vladsch\flexmark\flexmark-ext-abbreviation\0.34.30\flexmark-ext-abbreviation-0.34.30.jar;C:\Users\aruti\.m2\repository\com\vladsch\flexmark\flexmark-ext-admonition\0.34.30\flexmark-ext-admonition-0.34.30.jar;C:\Users\aruti\.m2\repository\com\vladsch\flexmark\flexmark-ext-anchorlink\0.34.30\flexmark-ext-anchorlink-0.34.30.jar;C:\Users\aruti\.m2\repository\com\vladsch\flexmark\flexmark-ext-aside\0.34.30\flexmark-ext-aside-0.34.30.jar;C:\Users\aruti\.m2\repository\com\vladsch\flexmark\flexmark-ext-attributes\0.34.30\flexmark-ext-attributes-0.34.30.jar;C:\Users\aruti\.m2\repository\com\vladsch\flexmark\flexmark-ext-autolink\0.34.30\flexmark-ext-autolink-0.34.30.jar;C:\Users\aruti\.m2\repository\org\nibor\autolink\autolink\0.6.0\autolink-0.6.0.jar;C:\Users\aruti\.m2\repository\com\vladsch\flexmark\flexmark-ext-definition\0.34.30\flexmark-ext-definition-0.34.30.jar;C:\Users\aruti\.m2\repository\com\vladsch\flexmark\flexmark-ext-emoji\0.34.30\flexmark-ext-emoji-0.34.30.jar;C:\Users\aruti\.m2\repository\com\vladsch\flexmark\flexmark-ext-enumerated-reference\0.34.30\flexmark-ext-enumerated-reference-0.34.30.jar;C:\Users\aruti\.m2\repository\com\vladsch\flexmark\flexmark-ext-escaped-character\0.34.30\flexmark-ext-escaped-character-0.34.30.jar;C:\Users\aruti\.m2\repository\com\vladsch\flexmark\flexmark-ext-footnotes\0.34.30\flexmark-ext-footnotes-0.34.30.jar;C:\Users\aruti\.m2\repository\com\vladsch\flexmark\flexmark-ext-gfm-issues\0.34.30\flexmark-ext-gfm-issues-0.34.30.jar;C:\Users\aruti\.m2\repository\com\vladsch\flexmark\flexmark-ext-gfm-strikethrough\0.34.30\flexmark-ext-gfm-strikethrough-0.34.30.jar;C:\Users\aruti\.m2\repository\com\vladsch\flexmark\flexmark-ext-gfm-tables\0.34.30\flexmark-ext-gfm-tables-0.34.30.jar;C:\Users\aruti\.m2\repository\com\vladsch\flexmark\flexmark-ext-gfm-tasklist\0.34.30\flexmark-ext-gfm-tasklist-0.34.30.jar;C:\Users\aruti\.m2\repository\com\vladsch\flexmark\flexmark-ext-gfm-users\0.34.30\flexmark-ext-gfm-users-0.34.30.jar;C:\Users\aruti\.m2\repository\com\vladsch\flexmark\flexmark-ext-gitlab\0.34.30\flexmark-ext-gitlab-0.34.30.jar;C:\Users\aruti\.m2\repository\com\vladsch\flexmark\flexmark-ext-jekyll-front-matter\0.34.30\flexmark-ext-jekyll-front-matter-0.34.30.jar;C:\Users\aruti\.m2\repository\com\vladsch\flexmark\flexmark-ext-jekyll-tag\0.34.30\flexmark-ext-jekyll-tag-0.34.30.jar;C:\Users\aruti\.m2\repository\com\vladsch\flexmark\flexmark-ext-media-tags\0.34.30\flexmark-ext-media-tags-0.34.30.jar;C:\Users\aruti\.m2\repository\com\vladsch\flexmark\flexmark-test-util\0.34.30\flexmark-test-util-0.34.30.jar;C:\Users\aruti\.m2\repository\com\vladsch\flexmark\flexmark-ext-ins\0.34.30\flexmark-ext-ins-0.34.30.jar;C:\Users\aruti\.m2\repository\com\vladsch\flexmark\flexmark-ext-xwiki-macros\0.34.30\flexmark-ext-xwiki-macros-0.34.30.jar;C:\Users\aruti\.m2\repository\com\vladsch\flexmark\flexmark-ext-superscript\0.34.30\flexmark-ext-superscript-0.34.30.jar;C:\Users\aruti\.m2\repository\com\vladsch\flexmark\flexmark-ext-tables\0.34.30\flexmark-ext-tables-0.34.30.jar;C:\Users\aruti\.m2\repository\com\vladsch\flexmark\flexmark-ext-toc\0.34.30\flexmark-ext-toc-0.34.30.jar;C:\Users\aruti\.m2\repository\com\vladsch\flexmark\flexmark-ext-typographic\0.34.30\flexmark-ext-typographic-0.34.30.jar;C:\Users\aruti\.m2\repository\com\vladsch\flexmark\flexmark-ext-wikilink\0.34.30\flexmark-ext-wikilink-0.34.30.jar;C:\Users\aruti\.m2\repository\com\vladsch\flexmark\flexmark-ext-yaml-front-matter\0.34.30\flexmark-ext-yaml-front-matter-0.34.30.jar;C:\Users\aruti\.m2\repository\com\vladsch\flexmark\flexmark-ext-youtube-embedded\0.34.30\flexmark-ext-youtube-embedded-0.34.30.jar;C:\Users\aruti\.m2\repository\com\vladsch\flexmark\flexmark-formatter\0.34.30\flexmark-formatter-0.34.30.jar;C:\Users\aruti\.m2\repository\com\vladsch\flexmark\flexmark-html-parser\0.34.30\flexmark-html-parser-0.34.30.jar;C:\Users\aruti\.m2\repository\com\vladsch\flexmark\flexmark-jira-converter\0.34.30\flexmark-jira-converter-0.34.30.jar;C:\Users\aruti\.m2\repository\com\vladsch\flexmark\flexmark-pdf-converter\0.34.30\flexmark-pdf-converter-0.34.30.jar;C:\Users\aruti\.m2\repository\com\openhtmltopdf\openhtmltopdf-core\0.0.1-RC13\openhtmltopdf-core-0.0.1-RC13.jar;C:\Users\aruti\.m2\repository\com\openhtmltopdf\openhtmltopdf-pdfbox\0.0.1-RC13\openhtmltopdf-pdfbox-0.0.1-RC13.jar;C:\Users\aruti\.m2\repository\org\apache\pdfbox\pdfbox\2.0.8\pdfbox-2.0.8.jar;C:\Users\aruti\.m2\repository\org\apache\pdfbox\fontbox\2.0.8\fontbox-2.0.8.jar;C:\Users\aruti\.m2\repository\org\apache\pdfbox\xmpbox\2.0.8\xmpbox-2.0.8.jar;C:\Users\aruti\.m2\repository\de\rototor\pdfbox\graphics2d\0.12\graphics2d-0.12.jar;C:\Users\aruti\.m2\repository\com\openhtmltopdf\openhtmltopdf-rtl-support\0.0.1-RC13\openhtmltopdf-rtl-support-0.0.1-RC13.jar;C:\Users\aruti\.m2\repository\com\ibm\icu\icu4j\59.1\icu4j-59.1.jar;C:\Users\aruti\.m2\repository\com\openhtmltopdf\openhtmltopdf-jsoup-dom-converter\0.0.1-RC13\openhtmltopdf-jsoup-dom-converter-0.0.1-RC13.jar;C:\Users\aruti\.m2\repository\com\vladsch\flexmark\flexmark-profile-pegdown\0.34.30\flexmark-profile-pegdown-0.34.30.jar;C:\Users\aruti\.m2\repository\com\vladsch\flexmark\flexmark-util\0.34.30\flexmark-util-0.34.30.jar;C:\Users\aruti\.m2\repository\com\vladsch\flexmark\flexmark-youtrack-converter\0.34.30\flexmark-youtrack-converter-0.34.30.jar;C:\Users\aruti\.m2\repository\net\serenity-bdd\serenity-cucumber\1.9.45\serenity-cucumber-1.9.45.jar;C:\Users\aruti\.m2\repository\net\serenity-bdd\serenity-screenplay\2.0.64\serenity-screenplay-2.0.64.jar;C:\Users\aruti\.m2\repository\uk\com\robust-it\cloning\1.9.10\cloning-1.9.10.jar;C:\Users\aruti\.m2\repository\net\serenity-bdd\serenity-screenplay-webdriver\2.0.64\serenity-screenplay-webdriver-2.0.64.jar;C:\Users\aruti\.m2\repository\io\cucumber\cucumber-java\2.4.0\cucumber-java-2.4.0.jar;C:\Users\aruti\.m2\repository\io\cucumber\cucumber-junit\2.4.0\cucumber-junit-2.4.0.jar;C:\Users\aruti\.m2\repository\org\apache\commons\commons-csv\1.5\commons-csv-1.5.jar;C:\Users\aruti\.m2\repository\net\serenity-bdd\serenity-junit\2.0.70\serenity-junit-2.0.70.jar;C:\Users\aruti\.m2\repository\org\slf4j\slf4j-simple\1.6.1\slf4j-simple-1.6.1.jar;"/>
    <property name="java.vm.vendor" value="Amazon.com Inc."/>
    <property name="sun.arch.data.model" value="64"/>
    <property name="user.variant" value=""/>
    <property name="java.vendor.url" value="https://aws.amazon.com/corretto/"/>
    <property name="user.timezone" value="Europe/Helsinki"/>
    <property name="java.vm.specification.version" value="1.8"/>
    <property name="os.name" value="Windows 10"/>
    <property name="user.country" value="RU"/>
    <property name="sun.java.launcher" value="SUN_STANDARD"/>
    <property name="sun.boot.library.path" value="C:\Users\aruti\.jdks\corretto-1.8.0_282\jre\bin"/>
    <property name="sun.java.command" value="C:\Users\aruti\AppData\Local\Temp\surefire1400127925357242076\surefirebooter6349507530028183122.jar C:\Users\aruti\AppData\Local\Temp\surefire1400127925357242076 2021-01-31T00-29-47_560-jvmRun1 surefire3978823847567716569tmp surefire_02066041142409924281tmp"/>
    <property name="surefire.test.class.path" value="D:\autest\pageobject\target\test-classes;D:\autest\pageobject\target\hysitetests-1.0-SNAPSHOT.jar;C:\Users\aruti\.m2\repository\net\serenity-bdd\serenity-core\2.0.70\serenity-core-2.0.70.jar;C:\Users\aruti\.m2\repository\net\bytebuddy\byte-buddy\1.9.12\byte-buddy-1.9.12.jar;C:\Users\aruti\.m2\repository\net\bytebuddy\byte-buddy-agent\1.9.12\byte-buddy-agent-1.9.12.jar;C:\Users\aruti\.m2\repository\com\google\guava\guava\25.0-jre\guava-25.0-jre.jar;C:\Users\aruti\.m2\repository\com\google\code\findbugs\jsr305\1.3.9\jsr305-1.3.9.jar;C:\Users\aruti\.m2\repository\org\checkerframework\checker-compat-qual\2.0.0\checker-compat-qual-2.0.0.jar;C:\Users\aruti\.m2\repository\com\google\errorprone\error_prone_annotations\2.1.3\error_prone_annotations-2.1.3.jar;C:\Users\aruti\.m2\repository\com\google\j2objc\j2objc-annotations\1.1\j2objc-annotations-1.1.jar;C:\Users\aruti\.m2\repository\org\codehaus\mojo\animal-sniffer-annotations\1.14\animal-sniffer-annotations-1.14.jar;C:\Users\aruti\.m2\repository\com\google\inject\guice\4.2.2\guice-4.2.2.jar;C:\Users\aruti\.m2\repository\javax\inject\javax.inject\1\javax.inject-1.jar;C:\Users\aruti\.m2\repository\aopalliance\aopalliance\1.0\aopalliance-1.0.jar;C:\Users\aruti\.m2\repository\cglib\cglib\3.2.5\cglib-3.2.5.jar;C:\Users\aruti\.m2\repository\org\ow2\asm\asm\5.0.3\asm-5.0.3.jar;C:\Users\aruti\.m2\repository\commons-codec\commons-codec\1.10\commons-codec-1.10.jar;C:\Users\aruti\.m2\repository\org\objenesis\objenesis\2.6\objenesis-2.6.jar;C:\Users\aruti\.m2\repository\org\slf4j\slf4j-api\1.7.25\slf4j-api-1.7.25.jar;C:\Users\aruti\.m2\repository\xml-apis\xml-apis\1.4.01\xml-apis-1.4.01.jar;C:\Users\aruti\.m2\repository\io\cucumber\cucumber-core\2.4.0\cucumber-core-2.4.0.jar;C:\Users\aruti\.m2\repository\info\cukes\cucumber-html\0.2.6\cucumber-html-0.2.6.jar;C:\Users\aruti\.m2\repository\io\cucumber\cucumber-jvm-deps\1.0.6\cucumber-jvm-deps-1.0.6.jar;C:\Users\aruti\.m2\repository\io\cucumber\gherkin\5.0.0\gherkin-5.0.0.jar;C:\Users\aruti\.m2\repository\io\cucumber\tag-expressions\1.1.1\tag-expressions-1.1.1.jar;C:\Users\aruti\.m2\repository\commons-logging\commons-logging\1.2\commons-logging-1.2.jar;C:\Users\aruti\.m2\repository\junit\junit\4.12\junit-4.12.jar;C:\Users\aruti\.m2\repository\io\vavr\vavr\0.9.0\vavr-0.9.0.jar;C:\Users\aruti\.m2\repository\io\vavr\vavr-match\0.9.0\vavr-match-0.9.0.jar;C:\Users\aruti\.m2\repository\javax\xml\bind\jaxb-api\2.2.12\jaxb-api-2.2.12.jar;C:\Users\aruti\.m2\repository\com\sun\xml\bind\jaxb-core\2.3.0.1\jaxb-core-2.3.0.1.jar;C:\Users\aruti\.m2\repository\com\sun\xml\bind\jaxb-impl\2.3.0.1\jaxb-impl-2.3.0.1.jar;C:\Users\aruti\.m2\repository\javax\activation\activation\1.1.1\activation-1.1.1.jar;C:\Users\aruti\.m2\repository\org\mockito\mockito-core\2.25.0\mockito-core-2.25.0.jar;C:\Users\aruti\.m2\repository\net\serenity-bdd\serenity-report-resources\2.0.70\serenity-report-resources-2.0.70.jar;C:\Users\aruti\.m2\repository\net\serenity-bdd\serenity-model\2.0.70\serenity-model-2.0.70.jar;C:\Users\aruti\.m2\repository\commons-net\commons-net\3.6\commons-net-3.6.jar;C:\Users\aruti\.m2\repository\org\apache\commons\commons-text\1.6\commons-text-1.6.jar;C:\Users\aruti\.m2\repository\net\serenity-bdd\serenity-reports\2.0.70\serenity-reports-2.0.70.jar;C:\Users\aruti\.m2\repository\net\serenity-bdd\serenity-stats\2.0.70\serenity-stats-2.0.70.jar;C:\Users\aruti\.m2\repository\org\jetbrains\kotlin\kotlin-stdlib\1.3.31\kotlin-stdlib-1.3.31.jar;C:\Users\aruti\.m2\repository\org\jetbrains\kotlin\kotlin-stdlib-common\1.3.31\kotlin-stdlib-common-1.3.31.jar;C:\Users\aruti\.m2\repository\org\jetbrains\annotations\13.0\annotations-13.0.jar;C:\Users\aruti\.m2\repository\com\google\code\gson\gson\2.8.4\gson-2.8.4.jar;C:\Users\aruti\.m2\repository\commons-io\commons-io\2.6\commons-io-2.6.jar;C:\Users\aruti\.m2\repository\org\seleniumhq\selenium\selenium-server\3.141.59\selenium-server-3.141.59.jar;C:\Users\aruti\.m2\repository\org\seleniumhq\selenium\selenium-firefox-driver\3.141.59\selenium-firefox-driver-3.141.59.jar;C:\Users\aruti\.m2\repository\org\seleniumhq\selenium\selenium-ie-driver\3.141.59\selenium-ie-driver-3.141.59.jar;C:\Users\aruti\.m2\repository\com\beust\jcommander\1.72\jcommander-1.72.jar;C:\Users\aruti\.m2\repository\org\apache\commons\commons-exec\1.3\commons-exec-1.3.jar;C:\Users\aruti\.m2\repository\net\jcip\jcip-annotations\1.0\jcip-annotations-1.0.jar;C:\Users\aruti\.m2\repository\org\seleniumhq\selenium\jetty-repacked\9.4.12.v20180830\jetty-repacked-9.4.12.v20180830.jar;C:\Users\aruti\.m2\repository\com\squareup\okhttp3\okhttp\3.11.0\okhttp-3.11.0.jar;C:\Users\aruti\.m2\repository\com\squareup\okio\okio\1.14.0\okio-1.14.0.jar;C:\Users\aruti\.m2\repository\javax\servlet\javax.servlet-api\3.1.0\javax.servlet-api-3.1.0.jar;C:\Users\aruti\.m2\repository\org\yaml\snakeyaml\1.19\snakeyaml-1.19.jar;C:\Users\aruti\.m2\repository\org\seleniumhq\selenium\selenium-java\3.141.59\selenium-java-3.141.59.jar;C:\Users\aruti\.m2\repository\org\seleniumhq\selenium\selenium-api\3.141.59\selenium-api-3.141.59.jar;C:\Users\aruti\.m2\repository\org\seleniumhq\selenium\selenium-chrome-driver\3.141.59\selenium-chrome-driver-3.141.59.jar;C:\Users\aruti\.m2\repository\org\seleniumhq\selenium\selenium-edge-driver\3.141.59\selenium-edge-driver-3.141.59.jar;C:\Users\aruti\.m2\repository\org\seleniumhq\selenium\selenium-remote-driver\3.141.59\selenium-remote-driver-3.141.59.jar;C:\Users\aruti\.m2\repository\org\seleniumhq\selenium\selenium-safari-driver\3.141.59\selenium-safari-driver-3.141.59.jar;C:\Users\aruti\.m2\repository\org\seleniumhq\selenium\selenium-opera-driver\3.141.59\selenium-opera-driver-3.141.59.jar;C:\Users\aruti\.m2\repository\org\seleniumhq\selenium\selenium-support\3.141.59\selenium-support-3.141.59.jar;C:\Users\aruti\.m2\repository\com\paulhammant\ngwebdriver\1.1.4\ngwebdriver-1.1.4.jar;C:\Users\aruti\.m2\repository\com\codeborne\phantomjsdriver\1.4.4\phantomjsdriver-1.4.4.jar;C:\Users\aruti\.m2\repository\org\eclipse\jetty\jetty-util\9.4.8.v20171121\jetty-util-9.4.8.v20171121.jar;C:\Users\aruti\.m2\repository\org\eclipse\jetty\jetty-io\9.4.8.v20171121\jetty-io-9.4.8.v20171121.jar;C:\Users\aruti\.m2\repository\org\seleniumhq\selenium\htmlunit-driver\2.33.1\htmlunit-driver-2.33.1.jar;C:\Users\aruti\.m2\repository\io\appium\java-client\7.0.0\java-client-7.0.0.jar;C:\Users\aruti\.m2\repository\commons-validator\commons-validator\1.6\commons-validator-1.6.jar;C:\Users\aruti\.m2\repository\commons-beanutils\commons-beanutils\1.9.2\commons-beanutils-1.9.2.jar;C:\Users\aruti\.m2\repository\commons-digester\commons-digester\1.8.1\commons-digester-1.8.1.jar;C:\Users\aruti\.m2\repository\org\aspectj\aspectjweaver\1.9.1\aspectjweaver-1.9.1.jar;C:\Users\aruti\.m2\repository\org\springframework\spring-context-support\5.1.2.RELEASE\spring-context-support-5.1.2.RELEASE.jar;C:\Users\aruti\.m2\repository\org\springframework\spring-beans\5.1.2.RELEASE\spring-beans-5.1.2.RELEASE.jar;C:\Users\aruti\.m2\repository\org\springframework\spring-context\5.1.2.RELEASE\spring-context-5.1.2.RELEASE.jar;C:\Users\aruti\.m2\repository\org\springframework\spring-aop\5.1.2.RELEASE\spring-aop-5.1.2.RELEASE.jar;C:\Users\aruti\.m2\repository\org\springframework\spring-expression\5.1.2.RELEASE\spring-expression-5.1.2.RELEASE.jar;C:\Users\aruti\.m2\repository\org\springframework\spring-core\5.1.2.RELEASE\spring-core-5.1.2.RELEASE.jar;C:\Users\aruti\.m2\repository\org\springframework\spring-jcl\5.1.2.RELEASE\spring-jcl-5.1.2.RELEASE.jar;C:\Users\aruti\.m2\repository\org\glassfish\tyrus\tyrus-core\1.13.1\tyrus-core-1.13.1.jar;C:\Users\aruti\.m2\repository\org\glassfish\tyrus\tyrus-spi\1.13.1\tyrus-spi-1.13.1.jar;C:\Users\aruti\.m2\repository\javax\websocket\javax.websocket-api\1.1\javax.websocket-api-1.1.jar;C:\Users\aruti\.m2\repository\org\codehaus\groovy\groovy\2.5.5\groovy-2.5.5.jar;C:\Users\aruti\.m2\repository\net\sf\opencsv\opencsv\2.0\opencsv-2.0.jar;C:\Users\aruti\.m2\repository\commons-beanutils\commons-beanutils-core\1.8.3\commons-beanutils-core-1.8.3.jar;C:\Users\aruti\.m2\repository\joda-time\joda-time\2.7\joda-time-2.7.jar;C:\Users\aruti\.m2\repository\com\thoughtworks\xstream\xstream\1.4.9\xstream-1.4.9.jar;C:\Users\aruti\.m2\repository\xmlpull\xmlpull\1.1.3.1\xmlpull-1.1.3.1.jar;C:\Users\aruti\.m2\repository\xpp3\xpp3_min\1.1.4c\xpp3_min-1.1.4c.jar;C:\Users\aruti\.m2\repository\org\apache\commons\commons-lang3\3.8.1\commons-lang3-3.8.1.jar;C:\Users\aruti\.m2\repository\commons-collections\commons-collections\3.2.2\commons-collections-3.2.2.jar;C:\Users\aruti\.m2\repository\org\freemarker\freemarker\2.3.28\freemarker-2.3.28.jar;C:\Users\aruti\.m2\repository\net\sourceforge\jexcelapi\jxl\2.6.12\jxl-2.6.12.jar;C:\Users\aruti\.m2\repository\org\hamcrest\hamcrest-core\1.3\hamcrest-core-1.3.jar;C:\Users\aruti\.m2\repository\org\hamcrest\hamcrest-library\1.3\hamcrest-library-1.3.jar;C:\Users\aruti\.m2\repository\net\sourceforge\htmlunit\htmlunit\2.33\htmlunit-2.33.jar;C:\Users\aruti\.m2\repository\net\sourceforge\htmlunit\htmlunit-core-js\2.33\htmlunit-core-js-2.33.jar;C:\Users\aruti\.m2\repository\net\sourceforge\htmlunit\neko-htmlunit\2.33\neko-htmlunit-2.33.jar;C:\Users\aruti\.m2\repository\xerces\xercesImpl\2.12.0\xercesImpl-2.12.0.jar;C:\Users\aruti\.m2\repository\net\sourceforge\htmlunit\htmlunit-cssparser\1.2.0\htmlunit-cssparser-1.2.0.jar;C:\Users\aruti\.m2\repository\org\eclipse\jetty\websocket\websocket-client\9.4.12.v20180830\websocket-client-9.4.12.v20180830.jar;C:\Users\aruti\.m2\repository\org\eclipse\jetty\jetty-client\9.4.12.v20180830\jetty-client-9.4.12.v20180830.jar;C:\Users\aruti\.m2\repository\org\eclipse\jetty\jetty-http\9.4.12.v20180830\jetty-http-9.4.12.v20180830.jar;C:\Users\aruti\.m2\repository\org\eclipse\jetty\jetty-xml\9.4.12.v20180830\jetty-xml-9.4.12.v20180830.jar;C:\Users\aruti\.m2\repository\org\eclipse\jetty\websocket\websocket-common\9.4.12.v20180830\websocket-common-9.4.12.v20180830.jar;C:\Users\aruti\.m2\repository\org\eclipse\jetty\websocket\websocket-api\9.4.12.v20180830\websocket-api-9.4.12.v20180830.jar;C:\Users\aruti\.m2\repository\org\apache\httpcomponents\httpclient\4.5.5\httpclient-4.5.5.jar;C:\Users\aruti\.m2\repository\org\apache\httpcomponents\httpcore\4.4.9\httpcore-4.4.9.jar;C:\Users\aruti\.m2\repository\org\apache\httpcomponents\httpmime\4.5.5\httpmime-4.5.5.jar;C:\Users\aruti\.m2\repository\org\fluentlenium\fluentlenium-core\0.10.2\fluentlenium-core-0.10.2.jar;C:\Users\aruti\.m2\repository\com\jhlabs\filters\2.0.235\filters-2.0.235.jar;C:\Users\aruti\.m2\repository\org\asciidoctor\asciidoctorj\1.5.6\asciidoctorj-1.5.6.jar;C:\Users\aruti\.m2\repository\org\jruby\jruby-complete\1.7.26\jruby-complete-1.7.26.jar;C:\Users\aruti\.m2\repository\org\imgscalr\imgscalr-lib\4.2\imgscalr-lib-4.2.jar;C:\Users\aruti\.m2\repository\javax\el\javax.el-api\2.2.4\javax.el-api-2.2.4.jar;C:\Users\aruti\.m2\repository\org\glassfish\web\javax.el\2.2.4\javax.el-2.2.4.jar;C:\Users\aruti\.m2\repository\xalan\xalan\2.7.2\xalan-2.7.2.jar;C:\Users\aruti\.m2\repository\xalan\serializer\2.7.2\serializer-2.7.2.jar;C:\Users\aruti\.m2\repository\org\awaitility\awaitility\3.1.0\awaitility-3.1.0.jar;C:\Users\aruti\.m2\repository\com\typesafe\config\1.3.1\config-1.3.1.jar;C:\Users\aruti\.m2\repository\org\jsoup\jsoup\1.10.3\jsoup-1.10.3.jar;C:\Users\aruti\.m2\repository\com\google\jimfs\jimfs\1.1\jimfs-1.1.jar;C:\Users\aruti\.m2\repository\es\nitaur\markdown\txtmark\0.16\txtmark-0.16.jar;C:\Users\aruti\.m2\repository\com\vladsch\flexmark\flexmark-all\0.34.30\flexmark-all-0.34.30.jar;C:\Users\aruti\.m2\repository\com\vladsch\flexmark\flexmark\0.34.30\flexmark-0.34.30.jar;C:\Users\aruti\.m2\repository\com\vladsch\flexmark\flexmark-ext-abbreviation\0.34.30\flexmark-ext-abbreviation-0.34.30.jar;C:\Users\aruti\.m2\repository\com\vladsch\flexmark\flexmark-ext-admonition\0.34.30\flexmark-ext-admonition-0.34.30.jar;C:\Users\aruti\.m2\repository\com\vladsch\flexmark\flexmark-ext-anchorlink\0.34.30\flexmark-ext-anchorlink-0.34.30.jar;C:\Users\aruti\.m2\repository\com\vladsch\flexmark\flexmark-ext-aside\0.34.30\flexmark-ext-aside-0.34.30.jar;C:\Users\aruti\.m2\repository\com\vladsch\flexmark\flexmark-ext-attributes\0.34.30\flexmark-ext-attributes-0.34.30.jar;C:\Users\aruti\.m2\repository\com\vladsch\flexmark\flexmark-ext-autolink\0.34.30\flexmark-ext-autolink-0.34.30.jar;C:\Users\aruti\.m2\repository\org\nibor\autolink\autolink\0.6.0\autolink-0.6.0.jar;C:\Users\aruti\.m2\repository\com\vladsch\flexmark\flexmark-ext-definition\0.34.30\flexmark-ext-definition-0.34.30.jar;C:\Users\aruti\.m2\repository\com\vladsch\flexmark\flexmark-ext-emoji\0.34.30\flexmark-ext-emoji-0.34.30.jar;C:\Users\aruti\.m2\repository\com\vladsch\flexmark\flexmark-ext-enumerated-reference\0.34.30\flexmark-ext-enumerated-reference-0.34.30.jar;C:\Users\aruti\.m2\repository\com\vladsch\flexmark\flexmark-ext-escaped-character\0.34.30\flexmark-ext-escaped-character-0.34.30.jar;C:\Users\aruti\.m2\repository\com\vladsch\flexmark\flexmark-ext-footnotes\0.34.30\flexmark-ext-footnotes-0.34.30.jar;C:\Users\aruti\.m2\repository\com\vladsch\flexmark\flexmark-ext-gfm-issues\0.34.30\flexmark-ext-gfm-issues-0.34.30.jar;C:\Users\aruti\.m2\repository\com\vladsch\flexmark\flexmark-ext-gfm-strikethrough\0.34.30\flexmark-ext-gfm-strikethrough-0.34.30.jar;C:\Users\aruti\.m2\repository\com\vladsch\flexmark\flexmark-ext-gfm-tables\0.34.30\flexmark-ext-gfm-tables-0.34.30.jar;C:\Users\aruti\.m2\repository\com\vladsch\flexmark\flexmark-ext-gfm-tasklist\0.34.30\flexmark-ext-gfm-tasklist-0.34.30.jar;C:\Users\aruti\.m2\repository\com\vladsch\flexmark\flexmark-ext-gfm-users\0.34.30\flexmark-ext-gfm-users-0.34.30.jar;C:\Users\aruti\.m2\repository\com\vladsch\flexmark\flexmark-ext-gitlab\0.34.30\flexmark-ext-gitlab-0.34.30.jar;C:\Users\aruti\.m2\repository\com\vladsch\flexmark\flexmark-ext-jekyll-front-matter\0.34.30\flexmark-ext-jekyll-front-matter-0.34.30.jar;C:\Users\aruti\.m2\repository\com\vladsch\flexmark\flexmark-ext-jekyll-tag\0.34.30\flexmark-ext-jekyll-tag-0.34.30.jar;C:\Users\aruti\.m2\repository\com\vladsch\flexmark\flexmark-ext-media-tags\0.34.30\flexmark-ext-media-tags-0.34.30.jar;C:\Users\aruti\.m2\repository\com\vladsch\flexmark\flexmark-test-util\0.34.30\flexmark-test-util-0.34.30.jar;C:\Users\aruti\.m2\repository\com\vladsch\flexmark\flexmark-ext-ins\0.34.30\flexmark-ext-ins-0.34.30.jar;C:\Users\aruti\.m2\repository\com\vladsch\flexmark\flexmark-ext-xwiki-macros\0.34.30\flexmark-ext-xwiki-macros-0.34.30.jar;C:\Users\aruti\.m2\repository\com\vladsch\flexmark\flexmark-ext-superscript\0.34.30\flexmark-ext-superscript-0.34.30.jar;C:\Users\aruti\.m2\repository\com\vladsch\flexmark\flexmark-ext-tables\0.34.30\flexmark-ext-tables-0.34.30.jar;C:\Users\aruti\.m2\repository\com\vladsch\flexmark\flexmark-ext-toc\0.34.30\flexmark-ext-toc-0.34.30.jar;C:\Users\aruti\.m2\repository\com\vladsch\flexmark\flexmark-ext-typographic\0.34.30\flexmark-ext-typographic-0.34.30.jar;C:\Users\aruti\.m2\repository\com\vladsch\flexmark\flexmark-ext-wikilink\0.34.30\flexmark-ext-wikilink-0.34.30.jar;C:\Users\aruti\.m2\repository\com\vladsch\flexmark\flexmark-ext-yaml-front-matter\0.34.30\flexmark-ext-yaml-front-matter-0.34.30.jar;C:\Users\aruti\.m2\repository\com\vladsch\flexmark\flexmark-ext-youtube-embedded\0.34.30\flexmark-ext-youtube-embedded-0.34.30.jar;C:\Users\aruti\.m2\repository\com\vladsch\flexmark\flexmark-formatter\0.34.30\flexmark-formatter-0.34.30.jar;C:\Users\aruti\.m2\repository\com\vladsch\flexmark\flexmark-html-parser\0.34.30\flexmark-html-parser-0.34.30.jar;C:\Users\aruti\.m2\repository\com\vladsch\flexmark\flexmark-jira-converter\0.34.30\flexmark-jira-converter-0.34.30.jar;C:\Users\aruti\.m2\repository\com\vladsch\flexmark\flexmark-pdf-converter\0.34.30\flexmark-pdf-converter-0.34.30.jar;C:\Users\aruti\.m2\repository\com\openhtmltopdf\openhtmltopdf-core\0.0.1-RC13\openhtmltopdf-core-0.0.1-RC13.jar;C:\Users\aruti\.m2\repository\com\openhtmltopdf\openhtmltopdf-pdfbox\0.0.1-RC13\openhtmltopdf-pdfbox-0.0.1-RC13.jar;C:\Users\aruti\.m2\repository\org\apache\pdfbox\pdfbox\2.0.8\pdfbox-2.0.8.jar;C:\Users\aruti\.m2\repository\org\apache\pdfbox\fontbox\2.0.8\fontbox-2.0.8.jar;C:\Users\aruti\.m2\repository\org\apache\pdfbox\xmpbox\2.0.8\xmpbox-2.0.8.jar;C:\Users\aruti\.m2\repository\de\rototor\pdfbox\graphics2d\0.12\graphics2d-0.12.jar;C:\Users\aruti\.m2\repository\com\openhtmltopdf\openhtmltopdf-rtl-support\0.0.1-RC13\openhtmltopdf-rtl-support-0.0.1-RC13.jar;C:\Users\aruti\.m2\repository\com\ibm\icu\icu4j\59.1\icu4j-59.1.jar;C:\Users\aruti\.m2\repository\com\openhtmltopdf\openhtmltopdf-jsoup-dom-converter\0.0.1-RC13\openhtmltopdf-jsoup-dom-converter-0.0.1-RC13.jar;C:\Users\aruti\.m2\repository\com\vladsch\flexmark\flexmark-profile-pegdown\0.34.30\flexmark-profile-pegdown-0.34.30.jar;C:\Users\aruti\.m2\repository\com\vladsch\flexmark\flexmark-util\0.34.30\flexmark-util-0.34.30.jar;C:\Users\aruti\.m2\repository\com\vladsch\flexmark\flexmark-youtrack-converter\0.34.30\flexmark-youtrack-converter-0.34.30.jar;C:\Users\aruti\.m2\repository\net\serenity-bdd\serenity-cucumber\1.9.45\serenity-cucumber-1.9.45.jar;C:\Users\aruti\.m2\repository\net\serenity-bdd\serenity-screenplay\2.0.64\serenity-screenplay-2.0.64.jar;C:\Users\aruti\.m2\repository\uk\com\robust-it\cloning\1.9.10\cloning-1.9.10.jar;C:\Users\aruti\.m2\repository\net\serenity-bdd\serenity-screenplay-webdriver\2.0.64\serenity-screenplay-webdriver-2.0.64.jar;C:\Users\aruti\.m2\repository\io\cucumber\cucumber-java\2.4.0\cucumber-java-2.4.0.jar;C:\Users\aruti\.m2\repository\io\cucumber\cucumber-junit\2.4.0\cucumber-junit-2.4.0.jar;C:\Users\aruti\.m2\repository\org\apache\commons\commons-csv\1.5\commons-csv-1.5.jar;C:\Users\aruti\.m2\repository\net\serenity-bdd\serenity-junit\2.0.70\serenity-junit-2.0.70.jar;C:\Users\aruti\.m2\repository\org\slf4j\slf4j-simple\1.6.1\slf4j-simple-1.6.1.jar;"/>
    <property name="sun.cpu.endian" value="little"/>
    <property name="user.home" value="C:\Users\aruti"/>
    <property name="user.language" value="ru"/>
    <property name="java.specification.vendor" value="Oracle Corporation"/>
    <property name="java.home" value="C:\Users\aruti\.jdks\corretto-1.8.0_282\jre"/>
    <property name="basedir" value="D:\autest\pageobject"/>
    <property name="file.separator" value="\"/>
    <property name="line.separator" value="&#10;"/>
    <property name="java.vm.specification.vendor" value="Oracle Corporation"/>
    <property name="java.specification.name" value="Java Platform API Specification"/>
    <property name="java.awt.graphicsenv" value="sun.awt.Win32GraphicsEnvironment"/>
    <property name="surefire.real.class.path" value="C:\Users\aruti\AppData\Local\Temp\surefire1400127925357242076\surefirebooter6349507530028183122.jar"/>
    <property name="sun.boot.class.path" value="C:\Users\aruti\.jdks\corretto-1.8.0_282\jre\lib\resources.jar;C:\Users\aruti\.jdks\corretto-1.8.0_282\jre\lib\rt.jar;C:\Users\aruti\.jdks\corretto-1.8.0_282\jre\lib\sunrsasign.jar;C:\Users\aruti\.jdks\corretto-1.8.0_282\jre\lib\jsse.jar;C:\Users\aruti\.jdks\corretto-1.8.0_282\jre\lib\jce.jar;C:\Users\aruti\.jdks\corretto-1.8.0_282\jre\lib\charsets.jar;C:\Users\aruti\.jdks\corretto-1.8.0_282\jre\lib\jfr.jar;C:\Users\aruti\.jdks\corretto-1.8.0_282\jre\classes"/>
    <property name="user.script" value=""/>
    <property name="sun.management.compiler" value="HotSpot 64-Bit Tiered Compilers"/>
    <property name="java.runtime.version" value="1.8.0_282-b08"/>
    <property name="user.name" value="aruti"/>
    <property name="path.separator" value=";"/>
    <property name="os.version" value="10.0"/>
    <property name="java.endorsed.dirs" value="C:\Users\aruti\.jdks\corretto-1.8.0_282\jre\lib\endorsed"/>
    <property name="java.runtime.name" value="OpenJDK Runtime Environment"/>
    <property name="file.encoding" value="Cp1251"/>
    <property name="java.vm.name" value="OpenJDK 64-Bit Server VM"/>
    <property name="localRepository" value="C:\Users\aruti\.m2\repository"/>
    <property name="java.vendor.url.bug" value="https://github.com/corretto/corretto-8/issues/"/>
    <property name="java.io.tmpdir" value="C:\Users\aruti\AppData\Local\Temp\"/>
    <property name="idea.version" value="2020.3.2"/>
    <property name="java.version" value="1.8.0_282"/>
    <property name="user.dir" value="D:\autest\pageobject"/>
    <property name="os.arch" value="amd64"/>
    <property name="java.vm.specification.name" value="Java Virtual Machine Specification"/>
    <property name="java.awt.printerjob" value="sun.awt.windows.WPrinterJob"/>
    <property name="sun.os.patch.level" value=""/>
    <property name="java.library.path" value="C:\Users\aruti\.jdks\corretto-1.8.0_282\jre\bin;C:\Windows\Sun\Java\bin;C:\Windows\system32;C:\Windows;C:\Program Files (x86)\Common Files\Oracle\Java\javapath;C:\Windows\system32;C:\Windows;C:\Windows\System32\Wbem;C:\Windows\System32\WindowsPowerShell\v1.0\;C:\Windows\System32\OpenSSH\;C:\Program Files\Java\jdk-15;D:\wireshark\logs.txt;C:\Program Files\Docker\Docker\resources\bin;C:\ProgramData\DockerDesktop\version-bin;C:\Program Files (x86)\PICT\;C:\Program Files\Git\cmd;D:\maven\apache-maven-3.6.3\bin;C:\Users\aruti\AppData\Local\Programs\Python\Python37\Scripts\;C:\Users\aruti\AppData\Local\Programs\Python\Python37\;C:\Users\aruti\AppData\Local\Microsoft\WindowsApps;;C:\Program Files\JetBrains\PyCharm Community Edition 2020.2.2\bin;;C:\Program Files\JetBrains\IntelliJ IDEA Community Edition 2020.2.2\bin;;C:\Users\aruti\AppData\Local\Programs\Fiddler;."/>
    <property name="java.vm.info" value="mixed mode"/>
    <property name="java.vendor" value="Amazon.com Inc."/>
    <property name="java.vm.version" value="25.282-b08"/>
    <property name="java.ext.dirs" value="C:\Users\aruti\.jdks\corretto-1.8.0_282\jre\lib\ext;C:\Windows\Sun\Java\lib\ext"/>
    <property name="sun.io.unicode.encoding" value="UnicodeLittle"/>
    <property name="java.class.version" value="52.0"/>
  </properties>
  <testcase name="I as a customer WTBAT have an opportunity to ask for a reference." classname="Ask for a reference" time="10.643">
    <system-out><![CDATA[Here we go
]]></system-out>
    <system-err><![CDATA[596 [main] INFO net.thucydides.core.steps.ConsoleLoggingListener - &amp#27;[96m

-------------------------------------------------------------------------------------
     _______. _______ .______       _______ .__   __.  __  .___________.____    ____ 
    /       ||   ____||   _  \     |   ____||  \ |  | |  | |           |\   \  /   / 
   |   (----`|  |__   |  |_)  |    |  |__   |   \|  | |  | `---|  |----` \   \/   /  
    \   \    |   __|  |      /     |   __|  |  . `  | |  |     |  |       \_    _/   
.----)   |   |  |____ |  |\  \----.|  |____ |  |\   | |  |     |  |         |  |     
|_______/    |_______|| _| `._____||_______||__| \__| |__|     |__|         |__|    
                                                                                     
 News and tutorials at http://www.serenity-bdd.info                                  
 Documentation at https://wakaleo.gitbooks.io/the-serenity-book/content/             
 Join the Serenity Community on Rocket Chat at https://serenity-bdd.rocket.chat      
 Serenity BDD Support and Training at http://serenity-bdd.info/#/trainingandsupport  
 Learn Serenity BDD online at http://serenity-dojo.com                               
-------------------------------------------------------------------------------------
&amp#27;[0m
602 [main] INFO net.thucydides.core.steps.ConsoleLoggingListener - Test Suite Started: Ask for a reference
618 [main] INFO net.thucydides.core.steps.ConsoleLoggingListener - Test Suite Started: More event on the main page
620 [main] INFO net.thucydides.core.steps.ConsoleLoggingListener - Test Suite Started: I as a user I  WTBAT have an opportunity to see more references.
623 [main] INFO net.thucydides.core.steps.ConsoleLoggingListener - Test Suite Started: Send CV
643 [main] INFO net.thucydides.core.steps.ConsoleLoggingListener - 
 _____ _____ ____ _____   ____ _____  _    ____ _____ _____ ____  
|_   _| ____/ ___|_   _| / ___|_   _|/ \  |  _ \_   _| ____|  _ \ 
  | | |  _| \___ \ | |   \___ \ | | / _ \ | |_) || | |  _| | | | |
  | | | |___ ___) || |    ___) || |/ ___ \|  _ < | | | |___| |_| |
  |_| |_____|____/ |_|   |____/ |_/_/   \_\_| \_\|_| |_____|____/ 
                                                                  

TEST STARTED: I as a customer WTBAT have an opportunity to ask for a reference.
-------------------------------------------------------------------(ask-for-a-reference;i-as-a-customer-wtbat-have-an-opportunity-to-ask-for-a-reference.)
714 [main] INFO net.thucydides.core.steps.ConsoleLoggingListener - STARTING STEP Given I access main page Hys Site
934 [main] INFO net.thucydides.core.steps.ConsoleLoggingListener - STARTING STEP Open main page
янв 31, 2021 12:29:49 AM org.openqa.selenium.remote.DesiredCapabilities chrome
INFO: Using `new ChromeOptions()` is preferred to `DesiredCapabilities.chrome()`
1323 [main] INFO net.serenitybdd.core.webdriver.driverproviders.ProvideNewDriver - Instantiating driver
1325 [main] INFO net.serenitybdd.core.webdriver.driverproviders.ProvideNewDriver - Driver capabilities: Capabilities {acceptInsecureCerts: false, browserName: chrome, goog:chromeOptions: {args: [--enable-automation, --test-type], extensions: []}, loggingPrefs: org.openqa.selenium.logging..., platform: ANY, version: }
Starting ChromeDriver 88.0.4324.96 (68dba2d8a0b149a1d3afac56fa74648032bcf46b-refs/branch-heads/4324@{#1784}) on port 26673
Only local connections are allowed.
Please see https://chromedriver.chromium.org/security-considerations for suggestions on keeping ChromeDriver safe.
ChromeDriver was started successfully.
янв 31, 2021 12:29:51 AM org.openqa.selenium.remote.ProtocolHandshake createSession
INFO: Detected dialect: W3C
6928 [main] INFO net.thucydides.core.steps.ConsoleLoggingListener - FINISHING STEP
6930 [main] INFO net.thucydides.core.steps.ConsoleLoggingListener - FINISHING STEP
6933 [main] INFO net.thucydides.core.steps.ConsoleLoggingListener - STARTING STEP And I Scroll down to see Ask for reference button
6936 [main] INFO net.thucydides.core.steps.ConsoleLoggingListener - STARTING STEP Scroll down to ask reference button
6962 [main] INFO net.thucydides.core.steps.ConsoleLoggingListener - FINISHING STEP
6963 [main] INFO net.thucydides.core.steps.ConsoleLoggingListener - FINISHING STEP
6964 [main] INFO net.thucydides.core.steps.ConsoleLoggingListener - STARTING STEP When I click on ‘Ask for reference’ button
6968 [main] INFO net.thucydides.core.steps.ConsoleLoggingListener - STARTING STEP Click on reference button
7521 [main] INFO net.thucydides.core.steps.ConsoleLoggingListener - FINISHING STEP
7523 [main] INFO net.thucydides.core.steps.ConsoleLoggingListener - FINISHING STEP
7524 [main] INFO net.thucydides.core.steps.ConsoleLoggingListener - STARTING STEP Then reference form is opened
7526 [main] INFO net.thucydides.core.steps.ConsoleLoggingListener - STARTING STEP Verify that model form is displayed
7957 [main] INFO net.thucydides.core.steps.ConsoleLoggingListener - FINISHING STEP
7959 [main] INFO net.thucydides.core.steps.ConsoleLoggingListener - FINISHING STEP
7961 [main] INFO net.thucydides.core.steps.ConsoleLoggingListener - STARTING STEP And I fill in all the required fields  and check-boxes in  a reference form with valid data
7963 [main] INFO net.thucydides.core.steps.ConsoleLoggingListener - STARTING STEP Enter random reference form name
8514 [main] INFO net.thucydides.core.steps.ConsoleLoggingListener - FINISHING STEP
8517 [main] INFO net.thucydides.core.steps.ConsoleLoggingListener - STARTING STEP Enter random reference form email
9000 [main] INFO net.thucydides.core.steps.ConsoleLoggingListener - FINISHING STEP
9002 [main] INFO net.thucydides.core.steps.ConsoleLoggingListener - STARTING STEP Click on terms and agreements checkbox
9457 [main] INFO net.thucydides.core.steps.ConsoleLoggingListener - FINISHING STEP
9458 [main] INFO net.thucydides.core.steps.ConsoleLoggingListener - FINISHING STEP
9459 [main] INFO net.thucydides.core.steps.ConsoleLoggingListener - STARTING STEP When I click ‘Submit’ button
9461 [main] INFO net.thucydides.core.steps.ConsoleLoggingListener - STARTING STEP Click on reference form submit button
10155 [main] INFO net.thucydides.core.steps.ConsoleLoggingListener - FINISHING STEP
10156 [main] INFO net.thucydides.core.steps.ConsoleLoggingListener - FINISHING STEP
10158 [main] INFO net.thucydides.core.steps.ConsoleLoggingListener - STARTING STEP Then ‘Thanks for your request’ pop-up is displayed, request is sent
10615 [main] INFO net.thucydides.core.steps.ConsoleLoggingListener - FINISHING STEP
11337 [main] INFO net.thucydides.core.steps.ConsoleLoggingListener - &amp#27;[92m
        __    _____ _____ ____ _____   ____   _    ____  ____  _____ ____  
  _     \ \  |_   _| ____/ ___|_   _| |  _ \ / \  / ___|/ ___|| ____|  _ \ 
 (_)_____| |   | | |  _| \___ \ | |   | |_) / _ \ \___ \\___ \|  _| | | | |
  _|_____| |   | | | |___ ___) || |   |  __/ ___ \ ___) |___) | |___| |_| |
 (_)     | |   |_| |_____|____/ |_|   |_| /_/   \_\____/|____/|_____|____/ 
        /_/                                                                

TEST PASSED: I as a customer WTBAT have an opportunity to ask for a reference.
----------------------------------------------------------------------------&amp#27;[0m
]]></system-err>
  </testcase>
  <testcase name="I as a customer WTBAT see more events than presented on the main page" classname="More event on the main page" time="12.954">
    <error message="element click intercepted: Element &lt;a href=&quot;/events&quot; class=&quot;btn-icon btn-arrow orange hidden-xs hidden-sm hidden-md&quot;&gt;...&lt;/a&gt; is not clickable at point (1285, 47). Other element would receive the click: &lt;a id=&quot;contact-us-menu&quot; href=&quot;/contact-us/&quot; class=&quot;contact-us&quot;&gt;...&lt;/a&gt;&#10;  (Session info: chrome=88.0.4324.104)&#10;Build info: version: &apos;3.141.59&apos;, revision: &apos;e82be7d358&apos;, time: &apos;2018-11-14T08:17:03&apos;&#10;System info: host: &apos;DESKTOP-014LNCD&apos;, ip: &apos;192.168.0.161&apos;, os.name: &apos;Windows 10&apos;, os.arch: &apos;amd64&apos;, os.version: &apos;10.0&apos;, java.version: &apos;1.8.0_282&apos;&#10;Driver info: org.openqa.selenium.chrome.ChromeDriver&#10;Capabilities {acceptInsecureCerts: false, browserName: chrome, browserVersion: 88.0.4324.104, chrome: {chromedriverVersion: 88.0.4324.96 (68dba2d8a0b14..., userDataDir: C:\Users\aruti\AppData\Loca...}, goog:chromeOptions: {debuggerAddress: localhost:51898}, javascriptEnabled: true, networkConnectionEnabled: false, pageLoadStrategy: normal, platform: WINDOWS, platformName: WINDOWS, proxy: Proxy(), setWindowRect: true, strictFileInteractability: false, timeouts: {implicit: 0, pageLoad: 300000, script: 30000}, unhandledPromptBehavior: dismiss and notify, webauthn:extension:largeBlob: true, webauthn:virtualAuthenticators: true}&#10;Session ID: 9e746557d4b4e2b4829c8ee6061e1dc5" type="org.openqa.selenium.ElementClickInterceptedException"><![CDATA[org.openqa.selenium.ElementClickInterceptedException: 
element click intercepted: Element <a href="/events" class="btn-icon btn-arrow orange hidden-xs hidden-sm hidden-md">...</a> is not clickable at point (1285, 47). Other element would receive the click: <a id="contact-us-menu" href="/contact-us/" class="contact-us">...</a>
  (Session info: chrome=88.0.4324.104)
Build info: version: '3.141.59', revision: 'e82be7d358', time: '2018-11-14T08:17:03'
System info: host: 'DESKTOP-014LNCD', ip: '192.168.0.161', os.name: 'Windows 10', os.arch: 'amd64', os.version: '10.0', java.version: '1.8.0_282'
Driver info: org.openqa.selenium.chrome.ChromeDriver
Capabilities {acceptInsecureCerts: false, browserName: chrome, browserVersion: 88.0.4324.104, chrome: {chromedriverVersion: 88.0.4324.96 (68dba2d8a0b14..., userDataDir: C:\Users\aruti\AppData\Loca...}, goog:chromeOptions: {debuggerAddress: localhost:51898}, javascriptEnabled: true, networkConnectionEnabled: false, pageLoadStrategy: normal, platform: WINDOWS, platformName: WINDOWS, proxy: Proxy(), setWindowRect: true, strictFileInteractability: false, timeouts: {implicit: 0, pageLoad: 300000, script: 30000}, unhandledPromptBehavior: dismiss and notify, webauthn:extension:largeBlob: true, webauthn:virtualAuthenticators: true}
Session ID: 9e746557d4b4e2b4829c8ee6061e1dc5
]]></error>
    <system-err><![CDATA[11344 [main] INFO net.thucydides.core.steps.ConsoleLoggingListener - 
 _____ _____ ____ _____   ____ _____  _    ____ _____ _____ ____  
|_   _| ____/ ___|_   _| / ___|_   _|/ \  |  _ \_   _| ____|  _ \ 
  | | |  _| \___ \ | |   \___ \ | | / _ \ | |_) || | |  _| | | | |
  | | | |___ ___) || |    ___) || |/ ___ \|  _ < | | | |___| |_| |
  |_| |_____|____/ |_|   |____/ |_/_/   \_\_| \_\|_| |_____|____/ 
                                                                  

TEST STARTED: I as a customer WTBAT see more events than presented on the main page
-------------------------------------------------------------------(more-event-on-the-main-page;i-as-a-customer-wtbat-see-more-events-than-presented-on-the-main-page)
11346 [main] INFO net.thucydides.core.steps.ConsoleLoggingListener - STARTING STEP Given I access main page Hys Site
11350 [main] INFO net.thucydides.core.steps.ConsoleLoggingListener - STARTING STEP Open main page
янв 31, 2021 12:29:59 AM org.openqa.selenium.remote.DesiredCapabilities chrome
INFO: Using `new ChromeOptions()` is preferred to `DesiredCapabilities.chrome()`
11542 [main] INFO net.serenitybdd.core.webdriver.driverproviders.ProvideNewDriver - Instantiating driver
11542 [main] INFO net.serenitybdd.core.webdriver.driverproviders.ProvideNewDriver - Driver capabilities: Capabilities {acceptInsecureCerts: false, browserName: chrome, goog:chromeOptions: {args: [--enable-automation, --test-type], extensions: []}, loggingPrefs: org.openqa.selenium.logging..., platform: ANY, version: }
Starting ChromeDriver 88.0.4324.96 (68dba2d8a0b149a1d3afac56fa74648032bcf46b-refs/branch-heads/4324@{#1784}) on port 47060
Only local connections are allowed.
Please see https://chromedriver.chromium.org/security-considerations for suggestions on keeping ChromeDriver safe.
ChromeDriver was started successfully.
янв 31, 2021 12:30:01 AM org.openqa.selenium.remote.ProtocolHandshake createSession
INFO: Detected dialect: W3C
21379 [main] INFO net.thucydides.core.steps.ConsoleLoggingListener - FINISHING STEP
21382 [main] INFO net.thucydides.core.steps.ConsoleLoggingListener - FINISHING STEP
21384 [main] INFO net.thucydides.core.steps.ConsoleLoggingListener - STARTING STEP And I Scroll down to see ‘Let’s network’ block
21970 [main] INFO net.thucydides.core.steps.ConsoleLoggingListener - FINISHING STEP
21972 [main] INFO net.thucydides.core.steps.ConsoleLoggingListener - STARTING STEP When I click on ‘See more events’ button
23463 [main] INFO net.thucydides.core.steps.ConsoleLoggingListener - STARTING STEP Click on see more events
23502 [main] INFO net.thucydides.core.steps.ConsoleLoggingListener - &amp#27;[91mSTEP ERROR: org.openqa.selenium.ElementClickInterceptedException: element click intercepted: Element <a href="/events" class="btn-icon btn-arrow orange hidden-xs hidden-sm hidden-md">...</a> is not clickable at point (1285, 47). Other element would receive the click: <a id="contact-us-menu" href="/contact-us/" class="contact-us">...</a>
  (Session info: chrome=88.0.4324.104)
Build info: version: '3.141.59', revision: 'e82be7d358', time: '2018-11-14T08:17:03'
System info: host: 'DESKTOP-014LNCD', ip: '192.168.0.161', os.name: 'Windows 10', os.arch: 'amd64', os.version: '10.0', java.version: '1.8.0_282'
Driver info: org.openqa.selenium.chrome.ChromeDriver
Capabilities {acceptInsecureCerts: false, browserName: chrome, browserVersion: 88.0.4324.104, chrome: {chromedriverVersion: 88.0.4324.96 (68dba2d8a0b14..., userDataDir: C:\Users\aruti\AppData\Loca...}, goog:chromeOptions: {debuggerAddress: localhost:51898}, javascriptEnabled: true, networkConnectionEnabled: false, pageLoadStrategy: normal, platform: WINDOWS, platformName: WINDOWS, proxy: Proxy(), setWindowRect: true, strictFileInteractability: false, timeouts: {implicit: 0, pageLoad: 300000, script: 30000}, unhandledPromptBehavior: dismiss and notify, webauthn:extension:largeBlob: true, webauthn:virtualAuthenticators: true}
Session ID: 9e746557d4b4e2b4829c8ee6061e1dc5&amp#27;[0m
23509 [main] INFO net.thucydides.core.steps.ConsoleLoggingListener - &amp#27;[91mSTEP ERROR: org.openqa.selenium.ElementClickInterceptedException: element click intercepted: Element <a href="/events" class="btn-icon btn-arrow orange hidden-xs hidden-sm hidden-md">...</a> is not clickable at point (1285, 47). Other element would receive the click: <a id="contact-us-menu" href="/contact-us/" class="contact-us">...</a>
  (Session info: chrome=88.0.4324.104)
Build info: version: '3.141.59', revision: 'e82be7d358', time: '2018-11-14T08:17:03'
System info: host: 'DESKTOP-014LNCD', ip: '192.168.0.161', os.name: 'Windows 10', os.arch: 'amd64', os.version: '10.0', java.version: '1.8.0_282'
Driver info: org.openqa.selenium.chrome.ChromeDriver
Capabilities {acceptInsecureCerts: false, browserName: chrome, browserVersion: 88.0.4324.104, chrome: {chromedriverVersion: 88.0.4324.96 (68dba2d8a0b14..., userDataDir: C:\Users\aruti\AppData\Loca...}, goog:chromeOptions: {debuggerAddress: localhost:51898}, javascriptEnabled: true, networkConnectionEnabled: false, pageLoadStrategy: normal, platform: WINDOWS, platformName: WINDOWS, proxy: Proxy(), setWindowRect: true, strictFileInteractability: false, timeouts: {implicit: 0, pageLoad: 300000, script: 30000}, unhandledPromptBehavior: dismiss and notify, webauthn:extension:largeBlob: true, webauthn:virtualAuthenticators: true}
Session ID: 9e746557d4b4e2b4829c8ee6061e1dc5
Build info: version: '3.141.59', revision: 'e82be7d358', time: '2018-11-14T08:17:03'
System info: host: 'DESKTOP-014LNCD', ip: '192.168.0.161', os.name: 'Windows 10', os.arch: 'amd64', os.version: '10.0', java.version: '1.8.0_282'
Driver info: driver.version: unknown&amp#27;[0m
23510 [main] INFO net.thucydides.core.steps.ConsoleLoggingListener - STARTING STEP Then page "https://www.hys-enterprise.com/events/" is opened
23512 [main] INFO net.thucydides.core.steps.ConsoleLoggingListener - &amp#27;[33mIGNORING STEP&amp#27;[0m
24216 [main] ERROR net.thucydides.core.steps.ConsoleLoggingListener - &amp#27;[91m
           __  _____ _____ ____ _____   _____ _    ___ _     _____ ____  
  _       / / |_   _| ____/ ___|_   _| |  ___/ \  |_ _| |   | ____|  _ \ 
 (_)_____| |    | | |  _| \___ \ | |   | |_ / _ \  | || |   |  _| | | | |
  _|_____| |    | | | |___ ___) || |   |  _/ ___ \ | || |___| |___| |_| |
 (_)     | |    |_| |_____|____/ |_|   |_|/_/   \_\___|_____|_____|____/ 
          \_\                                                            

TEST FAILED WITH ERROR: I as a customer WTBAT see more events than presented on the main page
---------------------------------------------------------------------&amp#27;[0m
24290 [main] ERROR net.thucydides.core.steps.ConsoleLoggingListener - &amp#27;[91mTEST FAILED AT STEP Click on see more events&amp#27;[0m
24290 [main] ERROR net.thucydides.core.steps.ConsoleLoggingListener - element click intercepted: Element <a href="/events" class="btn-icon btn-arrow orange hidden-xs hidden-sm hidden-md">...</a> is not clickable at point (1285, 47). Other element would receive the click: <a id="contact-us-menu" href="/contact-us/" class="contact-us">...</a>
]]></system-err>
  </testcase>
  <testcase name="I as a job seeker WTBAT send my CV and apply for  job" classname="Send CV" time="10.512">
    <system-err><![CDATA[24298 [main] INFO net.thucydides.core.steps.ConsoleLoggingListener - 
 _____ _____ ____ _____   ____ _____  _    ____ _____ _____ ____  
|_   _| ____/ ___|_   _| / ___|_   _|/ \  |  _ \_   _| ____|  _ \ 
  | | |  _| \___ \ | |   \___ \ | | / _ \ | |_) || | |  _| | | | |
  | | | |___ ___) || |    ___) || |/ ___ \|  _ < | | | |___| |_| |
  |_| |_____|____/ |_|   |____/ |_/_/   \_\_| \_\|_| |_____|____/ 
                                                                  

TEST STARTED: I as a job seeker WTBAT send my CV and apply for  job
-------------------------------------------------------------------(send-cv;i-as-a-job-seeker-wtbat-send-my-cv-and-apply-for--job)
24303 [main] INFO net.thucydides.core.steps.ConsoleLoggingListener - STARTING STEP Given I go "https://www.hys-enterprise.com/career/"
24321 [main] INFO net.thucydides.core.steps.ConsoleLoggingListener - STARTING STEP Open career page
янв 31, 2021 12:30:12 AM org.openqa.selenium.remote.DesiredCapabilities chrome
INFO: Using `new ChromeOptions()` is preferred to `DesiredCapabilities.chrome()`
24498 [main] INFO net.serenitybdd.core.webdriver.driverproviders.ProvideNewDriver - Instantiating driver
24498 [main] INFO net.serenitybdd.core.webdriver.driverproviders.ProvideNewDriver - Driver capabilities: Capabilities {acceptInsecureCerts: false, browserName: chrome, goog:chromeOptions: {args: [--enable-automation, --test-type], extensions: []}, loggingPrefs: org.openqa.selenium.logging..., platform: ANY, version: }
Starting ChromeDriver 88.0.4324.96 (68dba2d8a0b149a1d3afac56fa74648032bcf46b-refs/branch-heads/4324@{#1784}) on port 8465
Only local connections are allowed.
Please see https://chromedriver.chromium.org/security-considerations for suggestions on keeping ChromeDriver safe.
ChromeDriver was started successfully.
янв 31, 2021 12:30:14 AM org.openqa.selenium.remote.ProtocolHandshake createSession
INFO: Detected dialect: W3C
28492 [main] INFO net.thucydides.core.steps.ConsoleLoggingListener - FINISHING STEP
28494 [main] INFO net.thucydides.core.steps.ConsoleLoggingListener - FINISHING STEP
28495 [main] INFO net.thucydides.core.steps.ConsoleLoggingListener - STARTING STEP When I click on ‘Join Us’ button
28496 [main] INFO net.thucydides.core.steps.ConsoleLoggingListener - STARTING STEP Click on join us button
30312 [main] INFO net.thucydides.core.steps.ConsoleLoggingListener - FINISHING STEP
30316 [main] INFO net.thucydides.core.steps.ConsoleLoggingListener - FINISHING STEP
30318 [main] INFO net.thucydides.core.steps.ConsoleLoggingListener - STARTING STEP Then career page "https://www.hys-enterprise.com/career/vacancies/" is opened
30321 [main] INFO net.thucydides.core.steps.ConsoleLoggingListener - STARTING STEP Is page opened
30337 [main] INFO net.thucydides.core.steps.ConsoleLoggingListener - FINISHING STEP
30338 [main] INFO net.thucydides.core.steps.ConsoleLoggingListener - FINISHING STEP
30339 [main] INFO net.thucydides.core.steps.ConsoleLoggingListener - STARTING STEP And I click on any available vacancy in the list
30340 [main] INFO net.thucydides.core.steps.ConsoleLoggingListener - STARTING STEP Click on first vacancy in list
31807 [main] INFO net.thucydides.core.steps.ConsoleLoggingListener - FINISHING STEP
31809 [main] INFO net.thucydides.core.steps.ConsoleLoggingListener - FINISHING STEP
31810 [main] INFO net.thucydides.core.steps.ConsoleLoggingListener - STARTING STEP And I fill CV form with valid data
31814 [main] INFO net.thucydides.core.steps.ConsoleLoggingListener - STARTING STEP Enter email: test@test.com
32309 [main] INFO net.thucydides.core.steps.ConsoleLoggingListener - FINISHING STEP
32311 [main] INFO net.thucydides.core.steps.ConsoleLoggingListener - STARTING STEP Enter name: Vladimir
32758 [main] INFO net.thucydides.core.steps.ConsoleLoggingListener - FINISHING STEP
32758 [main] INFO net.thucydides.core.steps.ConsoleLoggingListener - STARTING STEP Enter phone: 0971413967
33206 [main] INFO net.thucydides.core.steps.ConsoleLoggingListener - FINISHING STEP
33207 [main] INFO net.thucydides.core.steps.ConsoleLoggingListener - STARTING STEP Click on privacy policy checkbox
33676 [main] INFO net.thucydides.core.steps.ConsoleLoggingListener - FINISHING STEP
33677 [main] INFO net.thucydides.core.steps.ConsoleLoggingListener - FINISHING STEP
33678 [main] INFO net.thucydides.core.steps.ConsoleLoggingListener - STARTING STEP And I click on Drag&Drop button an attach CV file
33679 [main] INFO net.thucydides.core.steps.ConsoleLoggingListener - FINISHING STEP
33680 [main] INFO net.thucydides.core.steps.ConsoleLoggingListener - STARTING STEP When I click on Send button
33682 [main] INFO net.thucydides.core.steps.ConsoleLoggingListener - STARTING STEP Click on submit button
34113 [main] INFO net.thucydides.core.steps.ConsoleLoggingListener - FINISHING STEP
34114 [main] INFO net.thucydides.core.steps.ConsoleLoggingListener - FINISHING STEP
34115 [main] INFO net.thucydides.core.steps.ConsoleLoggingListener - STARTING STEP Then message "We will contact you soon" is displsyed
34117 [main] INFO net.thucydides.core.steps.ConsoleLoggingListener - STARTING STEP Is success message displayed
34118 [main] INFO net.thucydides.core.steps.ConsoleLoggingListener - FINISHING STEP
34119 [main] INFO net.thucydides.core.steps.ConsoleLoggingListener - FINISHING STEP
34809 [main] INFO net.thucydides.core.steps.ConsoleLoggingListener - &amp#27;[92m
        __    _____ _____ ____ _____   ____   _    ____  ____  _____ ____  
  _     \ \  |_   _| ____/ ___|_   _| |  _ \ / \  / ___|/ ___|| ____|  _ \ 
 (_)_____| |   | | |  _| \___ \ | |   | |_) / _ \ \___ \\___ \|  _| | | | |
  _|_____| |   | | | |___ ___) || |   |  __/ ___ \ ___) |___) | |___| |_| |
 (_)     | |   |_| |_____|____/ |_|   |_| /_/   \_\____/|____/|_____|____/ 
        /_/                                                                

TEST PASSED: I as a job seeker WTBAT send my CV and apply for  job
----------------------------------------------------------------------------&amp#27;[0m
]]></system-err>
  </testcase>
</testsuite>